[debug] [2026-02-04T06:26:34.744Z] ----------------------------------------------------------------------
[debug] [2026-02-04T06:26:34.746Z] Command:       C:\Program Files\nodejs\node.exe C:\Users\chinmay\AppData\Roaming\npm\node_modules\firebase-tools\lib\bin\firebase.js init
[debug] [2026-02-04T06:26:34.746Z] CLI Version:   15.5.1
[debug] [2026-02-04T06:26:34.746Z] Platform:      win32
[debug] [2026-02-04T06:26:34.747Z] Node Version:  v24.1.0
[debug] [2026-02-04T06:26:34.747Z] Time:          Wed Feb 04 2026 11:56:34 GMT+0530 (India Standard Time)
[debug] [2026-02-04T06:26:34.747Z] ----------------------------------------------------------------------
[debug] 
[info] 
     ######## #### ########  ######## ########     ###     ######  ########
     ##        ##  ##     ## ##       ##     ##  ##   ##  ##       ##
     ######    ##  ########  ######   ########  #########  ######  ######
     ##        ##  ##    ##  ##       ##     ## ##     ##       ## ##
     ##       #### ##     ## ######## ########  ##     ##  ######  ########

You're about to initialize a Firebase project in this directory:

  C:\Users\chinmay\OneDrive\Desktop\react\firebase-database

[info] 
=== Project Setup
[info] 
[info] First, let's associate this project directory with a Firebase project.
[info] You can create multiple project aliases by running firebase use --add, 
[info] 
[debug] [2026-02-04T06:30:46.719Z] > command requires scopes: ["email","openid","https://www.googleapis.com/auth/cloudplatformprojects.readonly","https://www.googleapis.com/auth/firebase","https://www.googleapis.com/auth/cloud-platform"]
[debug] [2026-02-04T06:30:46.719Z] > authorizing via signed-in user (yashvirwn123@gmail.com)
[debug] [2026-02-04T06:30:46.720Z] Checked if tokens are valid: false, expires at: 1770104603925
[debug] [2026-02-04T06:30:46.720Z] Checked if tokens are valid: false, expires at: 1770104603925
[debug] [2026-02-04T06:30:46.720Z] > refreshing access token with scopes: []
[debug] [2026-02-04T06:30:46.722Z] >>> [apiv2][query] POST https://www.googleapis.com/oauth2/v3/token [none]
[debug] [2026-02-04T06:30:46.722Z] >>> [apiv2][body] POST https://www.googleapis.com/oauth2/v3/token [omitted]
[debug] [2026-02-04T06:30:46.925Z] <<< [apiv2][status] POST https://www.googleapis.com/oauth2/v3/token 200
[debug] [2026-02-04T06:30:46.925Z] <<< [apiv2][body] POST https://www.googleapis.com/oauth2/v3/token [omitted]
[debug] [2026-02-04T06:30:46.938Z] >>> [apiv2][query] GET https://firebase.googleapis.com/v1beta1/projects pageSize=100
[debug] [2026-02-04T06:30:47.701Z] <<< [apiv2][status] GET https://firebase.googleapis.com/v1beta1/projects 200
[debug] [2026-02-04T06:30:47.701Z] <<< [apiv2][body] GET https://firebase.googleapis.com/v1beta1/projects [omitted]
[info] 
=== Hosting Setup
[debug] [2026-02-04T06:30:53.329Z] Checked if tokens are valid: true, expires at: 1770190245925
[debug] [2026-02-04T06:30:53.329Z] Checked if tokens are valid: true, expires at: 1770190245925
[debug] [2026-02-04T06:30:53.329Z] >>> [apiv2][query] GET https://firebase.googleapis.com/v1beta1/projects/fir-database-de3f8 [none]
[debug] [2026-02-04T06:30:53.767Z] <<< [apiv2][status] GET https://firebase.googleapis.com/v1beta1/projects/fir-database-de3f8 200
[debug] [2026-02-04T06:30:53.767Z] <<< [apiv2][body] GET https://firebase.googleapis.com/v1beta1/projects/fir-database-de3f8 {"projectId":"fir-database-de3f8","projectNumber":"915943313562","displayName":"firebase-database","name":"projects/fir-database-de3f8","resources":{"hostingSite":"fir-database-de3f8"},"state":"ACTIVE","etag":"1_288f6c17-034b-4b56-99a8-eb1fc11bb2bd"}
[info] 
[info] Your public directory is the folder (relative to your project directory) that
[info] will contain Hosting assets to be uploaded with firebase deploy. If you
[info] have a build process for your assets, use your build's output directory.
[info] 
[info] 
[info] i  Didn't detect a .git folder. Assuming C:\Users\chinmay\OneDrive\Desktop\react\firebase-database is the project root. 
[info] i  Authorizing with GitHub to upload your service account to a GitHub repository's secrets store. 
[info] 
[info] Visit this URL on this device to log in:
[info] https://github.com/login/oauth/authorize?client_id=89cf50f02ac6aaed3484&state=943362459&redirect_uri=http%3A%2F%2Flocalhost%3A9005&scope=read%3Auser%20repo%20public_repo
[info] 
[info] Waiting for authentication...
[debug] [2026-02-04T06:31:48.408Z] >>> [apiv2][query] POST https://github.com/login/oauth/access_token [none]
[debug] [2026-02-04T06:31:48.408Z] >>> [apiv2][body] POST https://github.com/login/oauth/access_token [stream]
[debug] [2026-02-04T06:31:49.454Z] <<< [apiv2][status] POST https://github.com/login/oauth/access_token 200
[debug] [2026-02-04T06:31:49.454Z] <<< [apiv2][body] POST https://github.com/login/oauth/access_token {"access_token":"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","token_type":"bearer","scope":"read:user,repo"}
[debug] [2026-02-04T06:31:49.459Z] >>> [apiv2][query] GET https://api.github.com/user [none]
[debug] [2026-02-04T06:31:49.902Z] <<< [apiv2][status] GET https://api.github.com/user 200
[debug] [2026-02-04T06:31:49.902Z] <<< [apiv2][body] GET https://api.github.com/user {"login":"yashvi-param","id":184905283,"node_id":"U_kgDOCwVuQw","avatar_url":"https://avatars.githubusercontent.com/u/184905283?v=4","gravatar_id":"","url":"https://api.github.com/users/yashvi-param","html_url":"https://github.com/yashvi-param","followers_url":"https://api.github.com/users/yashvi-param/followers","following_url":"https://api.github.com/users/yashvi-param/following{/other_user}","gists_url":"https://api.github.com/users/yashvi-param/gists{/gist_id}","starred_url":"https://api.github.com/users/yashvi-param/starred{/owner}{/repo}","subscriptions_url":"https://api.github.com/users/yashvi-param/subscriptions","organizations_url":"https://api.github.com/users/yashvi-param/orgs","repos_url":"https://api.github.com/users/yashvi-param/repos","events_url":"https://api.github.com/users/yashvi-param/events{/privacy}","received_events_url":"https://api.github.com/users/yashvi-param/received_events","type":"User","user_view_type":"private","site_admin":false,"name":null,"company":null,"blog":"","location":null,"email":null,"hireable":null,"bio":null,"twitter_username":null,"notification_email":null,"public_repos":71,"public_gists":0,"followers":6,"following":4,"created_at":"2024-10-14T06:21:49Z","updated_at":"2026-02-03T05:08:00Z","private_gists":0,"total_private_repos":0,"owned_private_repos":0,"disk_usage":241273,"collaborators":0,"two_factor_authentication":false,"plan":{"name":"free","space":976562499,"collaborators":0,"private_repos":10000}}
[info] 
[info] +  Success! Logged into GitHub as yashvi-param 
[info] 
[debug] [2026-02-04T06:31:56.450Z] >>> [apiv2][query] GET https://api.github.com/repos/firebase deploy/actions/secrets/public-key type=owner
[debug] [2026-02-04T06:31:56.826Z] <<< [apiv2][status] GET https://api.github.com/repos/firebase deploy/actions/secrets/public-key 404
[debug] [2026-02-04T06:31:56.826Z] <<< [apiv2][body] GET https://api.github.com/repos/firebase deploy/actions/secrets/public-key {"message":"Not Found","documentation_url":"https://docs.github.com/rest","status":"404"}
[info] 
[info] 
[error] !  The provided authorization cannot be used with this repository. If this repository is in an organization, did you remember to grant access? 
[info] 
[info] i  Action required: Visit this URL to ensure access has been granted to the appropriate organization(s) for the Firebase CLI GitHub OAuth App: 
[info] https://github.com/settings/connections/applications/89cf50f02ac6aaed3484
[info] 
[debug] [2026-02-04T06:41:58.613Z] >>> [apiv2][query] GET https://api.github.com/repos/https://github.com/yashvi-param/FIREBASE-DATABSE/upload/actions/secrets/public-key type=owner
[debug] [2026-02-04T06:41:58.981Z] <<< [apiv2][status] GET https://api.github.com/repos/https://github.com/yashvi-param/FIREBASE-DATABSE/upload/actions/secrets/public-key 404
[debug] [2026-02-04T06:41:58.982Z] <<< [apiv2][body] GET https://api.github.com/repos/https://github.com/yashvi-param/FIREBASE-DATABSE/upload/actions/secrets/public-key {"message":"Not Found","documentation_url":"https://docs.github.com/rest","status":"404"}
[info] 
[info] 
[error] !  The provided authorization cannot be used with this repository. If this repository is in an organization, did you remember to grant access? 
[info] 
[info] i  Action required: Visit this URL to ensure access has been granted to the appropriate organization(s) for the Firebase CLI GitHub OAuth App: 
[info] https://github.com/settings/connections/applications/89cf50f02ac6aaed3484
[info] 
[debug] [2026-02-04T06:42:03.744Z] >>> [apiv2][query] GET https://api.github.com/repos/https://github.com/yashvi-param/FIREBASE-DATABSE/upload/actions/secrets/public-key type=owner
[debug] [2026-02-04T06:42:04.076Z] <<< [apiv2][status] GET https://api.github.com/repos/https://github.com/yashvi-param/FIREBASE-DATABSE/upload/actions/secrets/public-key 404
[debug] [2026-02-04T06:42:04.076Z] <<< [apiv2][body] GET https://api.github.com/repos/https://github.com/yashvi-param/FIREBASE-DATABSE/upload/actions/secrets/public-key {"message":"Not Found","documentation_url":"https://docs.github.com/rest","status":"404"}
[info] 
[info] 
[error] !  The provided authorization cannot be used with this repository. If this repository is in an organization, did you remember to grant access? 
[info] 
[info] i  Action required: Visit this URL to ensure access has been granted to the appropriate organization(s) for the Firebase CLI GitHub OAuth App: 
[info] https://github.com/settings/connections/applications/89cf50f02ac6aaed3484
[info] 
[debug] [2026-02-04T06:42:06.735Z] >>> [apiv2][query] GET https://api.github.com/repos/https://github.com/yashvi-param/FIREBASE-DATABSE/upload/actions/secrets/public-key type=owner
[debug] [2026-02-04T06:42:07.144Z] <<< [apiv2][status] GET https://api.github.com/repos/https://github.com/yashvi-param/FIREBASE-DATABSE/upload/actions/secrets/public-key 404
[debug] [2026-02-04T06:42:07.144Z] <<< [apiv2][body] GET https://api.github.com/repos/https://github.com/yashvi-param/FIREBASE-DATABSE/upload/actions/secrets/public-key {"message":"Not Found","documentation_url":"https://docs.github.com/rest","status":"404"}
[info] 
[info] 
[error] !  The provided authorization cannot be used with this repository. If this repository is in an organization, did you remember to grant access? 
[info] 
[info] i  Action required: Visit this URL to ensure access has been granted to the appropriate organization(s) for the Firebase CLI GitHub OAuth App: 
[info] https://github.com/settings/connections/applications/89cf50f02ac6aaed3484
[info] 
